lab4.obj : error LNK2019: unresolved external symbol "public: __cdecl cv::Exception::Exception(int,class std::basic_string<char,struct std::char_traits<char>,class std::allocator<char> > const &,class std::basic_string<char,struct std::char_traits<char>,class std::allocator<char> > const &,class std::basic_string<char,struct std::char_traits<char>,class std::allocator<char> > const &,int)" (??0Exception@cv@@QEAA@HAEBV?$basic_string@DU?$char_traits@D@std@@V?$allocator@D@2@@std@@00H@Z) referenced in function "public: unsigned char & __cdecl cv::Mat::at<unsigned char>(int,int)" (??$at@E@Mat@cv@@QEAAAEAEHH@Z)
lab4.obj : error LNK2019: unresolved external symbol "public: virtual __cdecl cv::Exception::~Exception(void)" (??1Exception@cv@@UEAA@XZ) referenced in function "public: unsigned char & __cdecl cv::Mat::at<unsigned char>(int,int)" (??$at@E@Mat@cv@@QEAAAEAEHH@Z)
lab4.obj : error LNK2019: unresolved external symbol "void __cdecl cv::error(class cv::Exception const &)" (?error@cv@@YAXAEBVException@1@@Z) referenced in function "public: unsigned char & __cdecl cv::Mat::at<unsigned char>(int,int)" (??$at@E@Mat@cv@@QEAAAEAEHH@Z)
lab4.obj : error LNK2019: unresolved external symbol "void __cdecl cv::fastFree(void *)" (?fastFree@cv@@YAXPEAX@Z) referenced in function "public: __cdecl cv::Mat::~Mat(void)" (??1Mat@cv@@QEAA@XZ)
lab4.obj : error LNK2019: unresolved external symbol "public: __cdecl cv::_InputArray::_InputArray(class cv::Mat const &)" (??0_InputArray@cv@@QEAA@AEBVMat@1@@Z) referenced in function main
lab4.obj : error LNK2019: unresolved external symbol "public: __cdecl cv::_OutputArray::_OutputArray(class cv::Mat &)" (??0_OutputArray@cv@@QEAA@AEAVMat@1@@Z) referenced in function main
lab4.obj : error LNK2019: unresolved external symbol "public: __cdecl cv::_OutputArray::_OutputArray(class cv::Mat const &)" (??0_OutputArray@cv@@QEAA@AEBVMat@1@@Z) referenced in function "void __cdecl merge_blocks(class std::vector<class cv::Mat,class std::allocator<class cv::Mat> > &,class cv::Mat &)" (?merge_blocks@@YAXAEAV?$vector@VMat@cv@@V?$allocator@VMat@cv@@@std@@@std@@AEAVMat@cv@@@Z)
lab4.obj : error LNK2019: unresolved external symbol "public: __cdecl cv::Mat::Mat(class cv::Mat const &,class cv::Rect_<int> const &)" (??0Mat@cv@@QEAA@AEBV01@AEBV?$Rect_@H@1@@Z) referenced in function "public: class cv::Mat __cdecl cv::Mat::operator()(class cv::Rect_<int> const &)const " (??RMat@cv@@QEBA?AV01@AEBV?$Rect_@H@1@@Z)
lab4.obj : error LNK2019: unresolved external symbol "public: void __cdecl cv::Mat::copyTo(class cv::_OutputArray const &)const " (?copyTo@Mat@cv@@QEBAXAEBV_OutputArray@2@@Z) referenced in function "void __cdecl merge_blocks(class std::vector<class cv::Mat,class std::allocator<class cv::Mat> > &,class cv::Mat &)" (?merge_blocks@@YAXAEAV?$vector@VMat@cv@@V?$allocator@VMat@cv@@@std@@@std@@AEAVMat@cv@@@Z)
lab4.obj : error LNK2019: unresolved external symbol "public: void __cdecl cv::Mat::convertTo(class cv::_OutputArray const &,int,double,double)const " (?convertTo@Mat@cv@@QEBAXAEBV_OutputArray@2@HNN@Z) referenced in function main
lab4.obj : error LNK2019: unresolved external symbol "public: void __cdecl cv::Mat::create(int,int const *,int)" (?create@Mat@cv@@QEAAXHPEBHH@Z) referenced in function "public: void __cdecl cv::Mat::create(int,int,int)" (?create@Mat@cv@@QEAAXHHH@Z)
lab4.obj : error LNK2019: unresolved external symbol "public: void __cdecl cv::Mat::deallocate(void)" (?deallocate@Mat@cv@@QEAAXXZ) referenced in function "public: void __cdecl cv::Mat::release(void)" (?release@Mat@cv@@QEAAXXZ)
lab4.obj : error LNK2019: unresolved external symbol "public: void __cdecl cv::Mat::copySize(class cv::Mat const &)" (?copySize@Mat@cv@@QEAAXAEBV12@@Z) referenced in function "public: __cdecl cv::Mat::Mat(class cv::Mat const &)" (??0Mat@cv@@QEAA@AEBV01@@Z)
lab4.obj : error LNK2019: unresolved external symbol "void __cdecl cv::merge(class std::vector<class cv::Mat,class std::allocator<class cv::Mat> > const &,class cv::_OutputArray const &)" (?merge@cv@@YAXAEBV?$vector@VMat@cv@@V?$allocator@VMat@cv@@@std@@@std@@AEBV_OutputArray@1@@Z) referenced in function main
lab4.obj : error LNK2019: unresolved external symbol "void __cdecl cv::split(class cv::Mat const &,class std::vector<class cv::Mat,class std::allocator<class cv::Mat> > &)" (?split@cv@@YAXAEBVMat@1@AEAV?$vector@VMat@cv@@V?$allocator@VMat@cv@@@std@@@std@@@Z) referenced in function main
lab4.obj : error LNK2019: unresolved external symbol "int __cdecl cv::_interlockedExchangeAdd(int *,int)" (?_interlockedExchangeAdd@cv@@YAHPEAHH@Z) referenced in function "public: __cdecl cv::Mat::Mat(class cv::Mat const &)" (??0Mat@cv@@QEAA@AEBV01@@Z)
lab4.obj : error LNK2019: unresolved external symbol "void __cdecl cv::cvtColor(class cv::_InputArray const &,class cv::_OutputArray const &,int,int)" (?cvtColor@cv@@YAXAEBV_InputArray@1@AEBV_OutputArray@1@HH@Z) referenced in function main
lab4.obj : error LNK2019: unresolved external symbol "class cv::Mat __cdecl cv::imread(class std::basic_string<char,struct std::char_traits<char>,class std::allocator<char> > const &,int)" (?imread@cv@@YA?AVMat@1@AEBV?$basic_string@DU?$char_traits@D@std@@V?$allocator@D@2@@std@@H@Z) referenced in function main
lab4.obj : error LNK2019: unresolved external symbol "bool __cdecl cv::imwrite(class std::basic_string<char,struct std::char_traits<char>,class std::allocator<char> > const &,class cv::_InputArray const &,class std::vector<int,class std::allocator<int> > const &)" (?imwrite@cv@@YA_NAEBV?$basic_string@DU?$char_traits@D@std@@V?$allocator@D@2@@std@@AEBV_InputArray@1@AEBV?$vector@HV?$allocator@H@std@@@3@@Z) referenced in function main
F:\leti\help\Olga\4sem-lab4\lab4\x64\Debug\lab4.exe : fatal error LNK1120: 19 unresolved externals
